<?xml version="1.0" encoding="UTF-8"?>
<testng-results skipped="0" failed="0" total="1" passed="1">
  <reporter-output>
  </reporter-output>
  <suite name="Suite" duration-ms="21814" started-at="2021-04-28T16:41:19Z" finished-at="2021-04-28T16:41:41Z">
    <groups>
    </groups>
    <test name="Test" duration-ms="21814" started-at="2021-04-28T16:41:19Z" finished-at="2021-04-28T16:41:41Z">
      <class name="Execution.Testing">
        <test-method status="PASS" signature="method()[pri:0, instance:Execution.Testing@35851384]" name="method" duration-ms="21801" started-at="2021-04-28T22:11:19Z" finished-at="2021-04-28T22:11:41Z">
          <reporter-output>
          </reporter-output>
        </test-method> <!-- method -->
      </class> <!-- Execution.Testing -->
    </test> <!-- Test -->
  </suite> <!-- Suite -->
</testng-results>
