<?xml version="1.0" encoding="UTF-8"?>
<testng-results skipped="0" failed="0" total="1" passed="1">
  <reporter-output>
  </reporter-output>
  <suite name="Suite" duration-ms="44711" started-at="2021-04-27T17:30:18Z" finished-at="2021-04-27T17:31:03Z">
    <groups>
    </groups>
    <test name="Test" duration-ms="44711" started-at="2021-04-27T17:30:18Z" finished-at="2021-04-27T17:31:03Z">
      <class name="Execution.Testing">
        <test-method status="PASS" signature="method()[pri:0, instance:Execution.Testing@35851384]" name="method" duration-ms="44697" started-at="2021-04-27T23:00:18Z" finished-at="2021-04-27T23:01:03Z">
          <reporter-output>
          </reporter-output>
        </test-method> <!-- method -->
      </class> <!-- Execution.Testing -->
    </test> <!-- Test -->
  </suite> <!-- Suite -->
</testng-results>
